{"/home/liza/IP-HCK77/server/app.js": {"path":"/home/liza/IP-HCK77/server/app.js","statementMap":{"0":{"start":{"line":1,"column":13},"end":{"line":1,"column":28}},"1":{"start":{"line":2,"column":0},"end":{"line":4,"column":1}},"2":{"start":{"line":3,"column":2},"end":{"line":3,"column":29}},"3":{"start":{"line":7,"column":16},"end":{"line":7,"column":34}},"4":{"start":{"line":8,"column":23},"end":{"line":8,"column":62}},"5":{"start":{"line":9,"column":25},"end":{"line":9,"column":66}},"6":{"start":{"line":10,"column":25},"end":{"line":10,"column":61}},"7":{"start":{"line":11,"column":23},"end":{"line":11,"column":62}},"8":{"start":{"line":12,"column":23},"end":{"line":12,"column":61}},"9":{"start":{"line":13,"column":18},"end":{"line":13,"column":51}},"10":{"start":{"line":14,"column":20},"end":{"line":14,"column":48}},"11":{"start":{"line":15,"column":12},"end":{"line":15,"column":21}},"12":{"start":{"line":17,"column":0},"end":{"line":17,"column":16}},"13":{"start":{"line":18,"column":0},"end":{"line":18,"column":49}},"14":{"start":{"line":19,"column":0},"end":{"line":19,"column":24}},"15":{"start":{"line":21,"column":0},"end":{"line":21,"column":21}},"16":{"start":{"line":24,"column":0},"end":{"line":24,"column":41}},"17":{"start":{"line":26,"column":0},"end":{"line":26,"column":24}},"18":{"start":{"line":28,"column":0},"end":{"line":28,"column":42}},"19":{"start":{"line":29,"column":0},"end":{"line":29,"column":46}},"20":{"start":{"line":30,"column":0},"end":{"line":30,"column":51}},"21":{"start":{"line":31,"column":0},"end":{"line":31,"column":60}},"22":{"start":{"line":32,"column":0},"end":{"line":32,"column":63}},"23":{"start":{"line":35,"column":0},"end":{"line":35,"column":49}},"24":{"start":{"line":37,"column":0},"end":{"line":37,"column":22}},"25":{"start":{"line":42,"column":0},"end":{"line":42,"column":21}}},"fnMap":{},"branchMap":{"0":{"loc":{"start":{"line":2,"column":0},"end":{"line":4,"column":1}},"type":"if","locations":[{"start":{"line":2,"column":0},"end":{"line":4,"column":1}},{"start":{},"end":{}}],"line":2}},"s":{"0":1,"1":1,"2":1,"3":1,"4":1,"5":1,"6":1,"7":1,"8":1,"9":1,"10":1,"11":1,"12":1,"13":1,"14":1,"15":1,"16":1,"17":1,"18":1,"19":1,"20":1,"21":1,"22":1,"23":1,"24":1,"25":1},"f":{},"b":{"0":[1,0]},"_coverageSchema":"1a1c01bbd47fc00a2c39e90264f33305004495a9","hash":"efb3718d83b599aeff904d40915b21f32861d6cf"}
,"/home/liza/IP-HCK77/server/controllers/NoteController.js": {"path":"/home/liza/IP-HCK77/server/controllers/NoteController.js","statementMap":{"0":{"start":{"line":1,"column":17},"end":{"line":1,"column":37}},"1":{"start":{"line":3,"column":0},"end":{"line":89,"column":2}},"2":{"start":{"line":5,"column":4},"end":{"line":11,"column":5}},"3":{"start":{"line":6,"column":19},"end":{"line":6,"column":39}},"4":{"start":{"line":7,"column":6},"end":{"line":7,"column":33}},"5":{"start":{"line":9,"column":6},"end":{"line":9,"column":63}},"6":{"start":{"line":10,"column":6},"end":{"line":10,"column":16}},"7":{"start":{"line":15,"column":4},"end":{"line":30,"column":5}},"8":{"start":{"line":16,"column":21},"end":{"line":16,"column":31}},"9":{"start":{"line":17,"column":19},"end":{"line":17,"column":42}},"10":{"start":{"line":19,"column":6},"end":{"line":24,"column":7}},"11":{"start":{"line":20,"column":8},"end":{"line":23,"column":11}},"12":{"start":{"line":26,"column":6},"end":{"line":26,"column":33}},"13":{"start":{"line":28,"column":6},"end":{"line":28,"column":68}},"14":{"start":{"line":29,"column":6},"end":{"line":29,"column":16}},"15":{"start":{"line":34,"column":4},"end":{"line":44,"column":5}},"16":{"start":{"line":35,"column":6},"end":{"line":35,"column":36}},"17":{"start":{"line":36,"column":19},"end":{"line":36,"column":46}},"18":{"start":{"line":38,"column":6},"end":{"line":40,"column":72}},"19":{"start":{"line":42,"column":6},"end":{"line":42,"column":66}},"20":{"start":{"line":43,"column":6},"end":{"line":43,"column":16}},"21":{"start":{"line":48,"column":4},"end":{"line":67,"column":5}},"22":{"start":{"line":49,"column":6},"end":{"line":49,"column":36}},"23":{"start":{"line":50,"column":21},"end":{"line":50,"column":31}},"24":{"start":{"line":51,"column":19},"end":{"line":51,"column":42}},"25":{"start":{"line":52,"column":6},"end":{"line":57,"column":7}},"26":{"start":{"line":53,"column":8},"end":{"line":56,"column":11}},"27":{"start":{"line":59,"column":6},"end":{"line":61,"column":9}},"28":{"start":{"line":63,"column":6},"end":{"line":63,"column":80}},"29":{"start":{"line":65,"column":6},"end":{"line":65,"column":66}},"30":{"start":{"line":66,"column":6},"end":{"line":66,"column":16}},"31":{"start":{"line":71,"column":4},"end":{"line":87,"column":5}},"32":{"start":{"line":72,"column":21},"end":{"line":72,"column":31}},"33":{"start":{"line":73,"column":19},"end":{"line":73,"column":42}},"34":{"start":{"line":75,"column":6},"end":{"line":80,"column":7}},"35":{"start":{"line":76,"column":8},"end":{"line":79,"column":11}},"36":{"start":{"line":82,"column":6},"end":{"line":82,"column":27}},"37":{"start":{"line":83,"column":6},"end":{"line":83,"column":79}},"38":{"start":{"line":85,"column":6},"end":{"line":85,"column":66}},"39":{"start":{"line":86,"column":6},"end":{"line":86,"column":16}}},"fnMap":{"0":{"name":"(anonymous_0)","decl":{"start":{"line":4,"column":2},"end":{"line":4,"column":3}},"loc":{"start":{"line":4,"column":39},"end":{"line":12,"column":3}},"line":4},"1":{"name":"(anonymous_1)","decl":{"start":{"line":14,"column":2},"end":{"line":14,"column":3}},"loc":{"start":{"line":14,"column":44},"end":{"line":31,"column":3}},"line":14},"2":{"name":"(anonymous_2)","decl":{"start":{"line":33,"column":2},"end":{"line":33,"column":3}},"loc":{"start":{"line":33,"column":42},"end":{"line":45,"column":3}},"line":33},"3":{"name":"(anonymous_3)","decl":{"start":{"line":47,"column":2},"end":{"line":47,"column":3}},"loc":{"start":{"line":47,"column":42},"end":{"line":68,"column":3}},"line":47},"4":{"name":"(anonymous_4)","decl":{"start":{"line":70,"column":2},"end":{"line":70,"column":3}},"loc":{"start":{"line":70,"column":42},"end":{"line":88,"column":3}},"line":70}},"branchMap":{"0":{"loc":{"start":{"line":19,"column":6},"end":{"line":24,"column":7}},"type":"if","locations":[{"start":{"line":19,"column":6},"end":{"line":24,"column":7}},{"start":{},"end":{}}],"line":19},"1":{"loc":{"start":{"line":52,"column":6},"end":{"line":57,"column":7}},"type":"if","locations":[{"start":{"line":52,"column":6},"end":{"line":57,"column":7}},{"start":{},"end":{}}],"line":52},"2":{"loc":{"start":{"line":75,"column":6},"end":{"line":80,"column":7}},"type":"if","locations":[{"start":{"line":75,"column":6},"end":{"line":80,"column":7}},{"start":{},"end":{}}],"line":75}},"s":{"0":1,"1":1,"2":0,"3":0,"4":0,"5":0,"6":0,"7":0,"8":0,"9":0,"10":0,"11":0,"12":0,"13":0,"14":0,"15":0,"16":0,"17":0,"18":0,"19":0,"20":0,"21":0,"22":0,"23":0,"24":0,"25":0,"26":0,"27":0,"28":0,"29":0,"30":0,"31":0,"32":0,"33":0,"34":0,"35":0,"36":0,"37":0,"38":0,"39":0},"f":{"0":0,"1":0,"2":0,"3":0,"4":0},"b":{"0":[0,0],"1":[0,0],"2":[0,0]},"_coverageSchema":"1a1c01bbd47fc00a2c39e90264f33305004495a9","hash":"f88b9a7c3559d98834f435acf0191e2130fd7a43"}
,"/home/liza/IP-HCK77/server/controllers/StatusController.js": {"path":"/home/liza/IP-HCK77/server/controllers/StatusController.js","statementMap":{"0":{"start":{"line":1,"column":19},"end":{"line":1,"column":39}},"1":{"start":{"line":3,"column":0},"end":{"line":13,"column":2}},"2":{"start":{"line":5,"column":4},"end":{"line":11,"column":5}},"3":{"start":{"line":6,"column":23},"end":{"line":6,"column":45}},"4":{"start":{"line":7,"column":8},"end":{"line":7,"column":37}},"5":{"start":{"line":9,"column":6},"end":{"line":9,"column":67}},"6":{"start":{"line":10,"column":6},"end":{"line":10,"column":13}}},"fnMap":{"0":{"name":"(anonymous_0)","decl":{"start":{"line":4,"column":2},"end":{"line":4,"column":3}},"loc":{"start":{"line":4,"column":41},"end":{"line":12,"column":3}},"line":4}},"branchMap":{},"s":{"0":1,"1":1,"2":1,"3":1,"4":1,"5":0,"6":0},"f":{"0":1},"b":{},"_coverageSchema":"1a1c01bbd47fc00a2c39e90264f33305004495a9","hash":"aef27357f75b8b4097b4b8055915217cc235d7a1"}
,"/home/liza/IP-HCK77/server/controllers/UserController.js": {"path":"/home/liza/IP-HCK77/server/controllers/UserController.js","statementMap":{"0":{"start":{"line":1,"column":17},"end":{"line":1,"column":37}},"1":{"start":{"line":2,"column":22},"end":{"line":2,"column":47}},"2":{"start":{"line":4,"column":0},"end":{"line":28,"column":2}},"3":{"start":{"line":6,"column":22},"end":{"line":6,"column":30}},"4":{"start":{"line":7,"column":4},"end":{"line":26,"column":5}},"5":{"start":{"line":8,"column":6},"end":{"line":10,"column":7}},"6":{"start":{"line":9,"column":8},"end":{"line":9,"column":74}},"7":{"start":{"line":11,"column":19},"end":{"line":11,"column":59}},"8":{"start":{"line":12,"column":6},"end":{"line":17,"column":7}},"9":{"start":{"line":13,"column":8},"end":{"line":16,"column":11}},"10":{"start":{"line":18,"column":27},"end":{"line":18,"column":53}},"11":{"start":{"line":20,"column":6},"end":{"line":22,"column":9}},"12":{"start":{"line":24,"column":6},"end":{"line":24,"column":61}},"13":{"start":{"line":25,"column":6},"end":{"line":25,"column":13}}},"fnMap":{"0":{"name":"(anonymous_0)","decl":{"start":{"line":5,"column":2},"end":{"line":5,"column":3}},"loc":{"start":{"line":5,"column":37},"end":{"line":27,"column":3}},"line":5}},"branchMap":{"0":{"loc":{"start":{"line":8,"column":6},"end":{"line":10,"column":7}},"type":"if","locations":[{"start":{"line":8,"column":6},"end":{"line":10,"column":7}},{"start":{},"end":{}}],"line":8},"1":{"loc":{"start":{"line":12,"column":6},"end":{"line":17,"column":7}},"type":"if","locations":[{"start":{"line":12,"column":6},"end":{"line":17,"column":7}},{"start":{},"end":{}}],"line":12}},"s":{"0":1,"1":1,"2":1,"3":0,"4":0,"5":0,"6":0,"7":0,"8":0,"9":0,"10":0,"11":0,"12":0,"13":0},"f":{"0":0},"b":{"0":[0,0],"1":[0,0]},"_coverageSchema":"1a1c01bbd47fc00a2c39e90264f33305004495a9","hash":"05a4698c40c0d27acb4f14a6f0b8f785d5fee7c6"}
,"/home/liza/IP-HCK77/server/helpers/jwt.js": {"path":"/home/liza/IP-HCK77/server/helpers/jwt.js","statementMap":{"0":{"start":{"line":1,"column":12},"end":{"line":1,"column":35}},"1":{"start":{"line":2,"column":19},"end":{"line":2,"column":41}},"2":{"start":{"line":4,"column":18},"end":{"line":6,"column":1}},"3":{"start":{"line":5,"column":2},"end":{"line":5,"column":36}},"4":{"start":{"line":8,"column":20},"end":{"line":10,"column":1}},"5":{"start":{"line":9,"column":2},"end":{"line":9,"column":39}},"6":{"start":{"line":12,"column":0},"end":{"line":12,"column":44}}},"fnMap":{"0":{"name":"(anonymous_0)","decl":{"start":{"line":4,"column":18},"end":{"line":4,"column":19}},"loc":{"start":{"line":4,"column":28},"end":{"line":6,"column":1}},"line":4},"1":{"name":"(anonymous_1)","decl":{"start":{"line":8,"column":20},"end":{"line":8,"column":21}},"loc":{"start":{"line":8,"column":31},"end":{"line":10,"column":1}},"line":8}},"branchMap":{},"s":{"0":1,"1":1,"2":1,"3":1,"4":1,"5":1,"6":1},"f":{"0":1,"1":1},"b":{},"_coverageSchema":"1a1c01bbd47fc00a2c39e90264f33305004495a9","hash":"343325c30c09674cdd932387fe827ea67242d262"}
,"/home/liza/IP-HCK77/server/middleware/authentication.js": {"path":"/home/liza/IP-HCK77/server/middleware/authentication.js","statementMap":{"0":{"start":{"line":1,"column":17},"end":{"line":1,"column":37}},"1":{"start":{"line":2,"column":24},"end":{"line":2,"column":49}},"2":{"start":{"line":4,"column":23},"end":{"line":37,"column":1}},"3":{"start":{"line":8,"column":22},"end":{"line":8,"column":50}},"4":{"start":{"line":12,"column":2},"end":{"line":15,"column":3}},"5":{"start":{"line":13,"column":4},"end":{"line":13,"column":61}},"6":{"start":{"line":14,"column":4},"end":{"line":14,"column":11}},"7":{"start":{"line":17,"column":20},"end":{"line":17,"column":42}},"8":{"start":{"line":18,"column":2},"end":{"line":21,"column":3}},"9":{"start":{"line":19,"column":4},"end":{"line":19,"column":62}},"10":{"start":{"line":20,"column":4},"end":{"line":20,"column":11}},"11":{"start":{"line":23,"column":2},"end":{"line":36,"column":3}},"12":{"start":{"line":24,"column":17},"end":{"line":24,"column":35}},"13":{"start":{"line":26,"column":17},"end":{"line":26,"column":45}},"14":{"start":{"line":27,"column":4},"end":{"line":30,"column":5}},"15":{"start":{"line":28,"column":6},"end":{"line":28,"column":64}},"16":{"start":{"line":29,"column":6},"end":{"line":29,"column":13}},"17":{"start":{"line":32,"column":4},"end":{"line":32,"column":20}},"18":{"start":{"line":33,"column":4},"end":{"line":33,"column":10}},"19":{"start":{"line":35,"column":4},"end":{"line":35,"column":14}},"20":{"start":{"line":40,"column":0},"end":{"line":40,"column":31}}},"fnMap":{"0":{"name":"(anonymous_0)","decl":{"start":{"line":4,"column":23},"end":{"line":4,"column":24}},"loc":{"start":{"line":4,"column":49},"end":{"line":37,"column":1}},"line":4}},"branchMap":{"0":{"loc":{"start":{"line":12,"column":2},"end":{"line":15,"column":3}},"type":"if","locations":[{"start":{"line":12,"column":2},"end":{"line":15,"column":3}},{"start":{},"end":{}}],"line":12},"1":{"loc":{"start":{"line":18,"column":2},"end":{"line":21,"column":3}},"type":"if","locations":[{"start":{"line":18,"column":2},"end":{"line":21,"column":3}},{"start":{},"end":{}}],"line":18},"2":{"loc":{"start":{"line":27,"column":4},"end":{"line":30,"column":5}},"type":"if","locations":[{"start":{"line":27,"column":4},"end":{"line":30,"column":5}},{"start":{},"end":{}}],"line":27}},"s":{"0":1,"1":1,"2":1,"3":2,"4":2,"5":1,"6":1,"7":1,"8":1,"9":0,"10":0,"11":1,"12":1,"13":1,"14":1,"15":0,"16":0,"17":1,"18":1,"19":0,"20":1},"f":{"0":2},"b":{"0":[1,1],"1":[0,1],"2":[0,1]},"_coverageSchema":"1a1c01bbd47fc00a2c39e90264f33305004495a9","hash":"71c0a41cbd54a7d680e78d8cfe8d01516ecea44f"}
,"/home/liza/IP-HCK77/server/middleware/cors.js": {"path":"/home/liza/IP-HCK77/server/middleware/cors.js","statementMap":{"0":{"start":{"line":1,"column":20},"end":{"line":21,"column":3}},"1":{"start":{"line":2,"column":4},"end":{"line":2,"column":51}},"2":{"start":{"line":3,"column":4},"end":{"line":6,"column":6}},"3":{"start":{"line":7,"column":4},"end":{"line":10,"column":6}},"4":{"start":{"line":11,"column":4},"end":{"line":11,"column":59}},"5":{"start":{"line":12,"column":4},"end":{"line":12,"column":52}},"6":{"start":{"line":13,"column":4},"end":{"line":13,"column":42}},"7":{"start":{"line":15,"column":4},"end":{"line":20,"column":5}},"8":{"start":{"line":16,"column":6},"end":{"line":16,"column":63}},"9":{"start":{"line":17,"column":6},"end":{"line":17,"column":13}},"10":{"start":{"line":19,"column":6},"end":{"line":19,"column":13}},"11":{"start":{"line":23,"column":2},"end":{"line":23,"column":30}}},"fnMap":{"0":{"name":"(anonymous_0)","decl":{"start":{"line":1,"column":20},"end":{"line":1,"column":21}},"loc":{"start":{"line":1,"column":46},"end":{"line":21,"column":3}},"line":1}},"branchMap":{"0":{"loc":{"start":{"line":15,"column":4},"end":{"line":20,"column":5}},"type":"if","locations":[{"start":{"line":15,"column":4},"end":{"line":20,"column":5}},{"start":{"line":18,"column":11},"end":{"line":20,"column":5}}],"line":15}},"s":{"0":1,"1":2,"2":2,"3":2,"4":2,"5":2,"6":2,"7":2,"8":0,"9":0,"10":2,"11":1},"f":{"0":2},"b":{"0":[0,2]},"_coverageSchema":"1a1c01bbd47fc00a2c39e90264f33305004495a9","hash":"e23d87d881007ff9ce19f312eae19ca22c9c9097"}
,"/home/liza/IP-HCK77/server/middleware/errorHandler.js": {"path":"/home/liza/IP-HCK77/server/middleware/errorHandler.js","statementMap":{"0":{"start":{"line":2,"column":4},"end":{"line":25,"column":5}},"1":{"start":{"line":5,"column":8},"end":{"line":5,"column":65}},"2":{"start":{"line":6,"column":8},"end":{"line":6,"column":15}},"3":{"start":{"line":8,"column":8},"end":{"line":8,"column":55}},"4":{"start":{"line":9,"column":8},"end":{"line":9,"column":15}},"5":{"start":{"line":11,"column":8},"end":{"line":11,"column":55}},"6":{"start":{"line":12,"column":8},"end":{"line":12,"column":15}},"7":{"start":{"line":14,"column":8},"end":{"line":14,"column":55}},"8":{"start":{"line":15,"column":8},"end":{"line":15,"column":15}},"9":{"start":{"line":17,"column":8},"end":{"line":17,"column":55}},"10":{"start":{"line":18,"column":8},"end":{"line":18,"column":15}},"11":{"start":{"line":20,"column":8},"end":{"line":20,"column":59}},"12":{"start":{"line":21,"column":8},"end":{"line":21,"column":15}},"13":{"start":{"line":23,"column":8},"end":{"line":23,"column":25}},"14":{"start":{"line":24,"column":8},"end":{"line":24,"column":49}},"15":{"start":{"line":28,"column":2},"end":{"line":28,"column":36}}},"fnMap":{"0":{"name":"errorHandler","decl":{"start":{"line":1,"column":9},"end":{"line":1,"column":21}},"loc":{"start":{"line":1,"column":43},"end":{"line":26,"column":3}},"line":1}},"branchMap":{"0":{"loc":{"start":{"line":2,"column":4},"end":{"line":25,"column":5}},"type":"switch","locations":[{"start":{"line":3,"column":6},"end":{"line":3,"column":38}},{"start":{"line":4,"column":6},"end":{"line":6,"column":15}},{"start":{"line":7,"column":6},"end":{"line":9,"column":15}},{"start":{"line":10,"column":6},"end":{"line":12,"column":15}},{"start":{"line":13,"column":6},"end":{"line":15,"column":15}},{"start":{"line":16,"column":6},"end":{"line":18,"column":15}},{"start":{"line":19,"column":6},"end":{"line":21,"column":15}},{"start":{"line":22,"column":6},"end":{"line":24,"column":49}}],"line":2}},"s":{"0":1,"1":0,"2":0,"3":0,"4":0,"5":1,"6":1,"7":0,"8":0,"9":0,"10":0,"11":0,"12":0,"13":0,"14":0,"15":1},"f":{"0":1},"b":{"0":[0,0,0,1,0,0,0,0]},"_coverageSchema":"1a1c01bbd47fc00a2c39e90264f33305004495a9","hash":"15bf996fe687a5e9b8b0467acb815f7bb68433f2"}
,"/home/liza/IP-HCK77/server/middleware/guardUser.js": {"path":"/home/liza/IP-HCK77/server/middleware/guardUser.js","statementMap":{"0":{"start":{"line":1,"column":17},"end":{"line":1,"column":37}},"1":{"start":{"line":3,"column":2},"end":{"line":22,"column":3}},"2":{"start":{"line":4,"column":19},"end":{"line":4,"column":40}},"3":{"start":{"line":6,"column":19},"end":{"line":6,"column":30}},"4":{"start":{"line":7,"column":17},"end":{"line":7,"column":44}},"5":{"start":{"line":9,"column":4},"end":{"line":12,"column":5}},"6":{"start":{"line":10,"column":6},"end":{"line":10,"column":58}},"7":{"start":{"line":11,"column":6},"end":{"line":11,"column":13}},"8":{"start":{"line":14,"column":4},"end":{"line":17,"column":5}},"9":{"start":{"line":15,"column":6},"end":{"line":15,"column":60}},"10":{"start":{"line":16,"column":6},"end":{"line":16,"column":13}},"11":{"start":{"line":19,"column":4},"end":{"line":19,"column":11}},"12":{"start":{"line":21,"column":4},"end":{"line":21,"column":63}},"13":{"start":{"line":25,"column":0},"end":{"line":25,"column":27}}},"fnMap":{"0":{"name":"guardUser","decl":{"start":{"line":2,"column":15},"end":{"line":2,"column":24}},"loc":{"start":{"line":2,"column":41},"end":{"line":23,"column":1}},"line":2}},"branchMap":{"0":{"loc":{"start":{"line":9,"column":4},"end":{"line":12,"column":5}},"type":"if","locations":[{"start":{"line":9,"column":4},"end":{"line":12,"column":5}},{"start":{},"end":{}}],"line":9},"1":{"loc":{"start":{"line":14,"column":4},"end":{"line":17,"column":5}},"type":"if","locations":[{"start":{"line":14,"column":4},"end":{"line":17,"column":5}},{"start":{},"end":{}}],"line":14}},"s":{"0":1,"1":0,"2":0,"3":0,"4":0,"5":0,"6":0,"7":0,"8":0,"9":0,"10":0,"11":0,"12":0,"13":1},"f":{"0":0},"b":{"0":[0,0],"1":[0,0]},"_coverageSchema":"1a1c01bbd47fc00a2c39e90264f33305004495a9","hash":"6aa8d889088898e9d0ff0f5215ed9c0dac744e31"}
,"/home/liza/IP-HCK77/server/models/index.js": {"path":"/home/liza/IP-HCK77/server/models/index.js","statementMap":{"0":{"start":{"line":3,"column":11},"end":{"line":3,"column":24}},"1":{"start":{"line":4,"column":13},"end":{"line":4,"column":28}},"2":{"start":{"line":5,"column":18},"end":{"line":5,"column":38}},"3":{"start":{"line":6,"column":16},"end":{"line":6,"column":34}},"4":{"start":{"line":7,"column":17},"end":{"line":7,"column":42}},"5":{"start":{"line":8,"column":12},"end":{"line":8,"column":49}},"6":{"start":{"line":9,"column":15},"end":{"line":9,"column":65}},"7":{"start":{"line":10,"column":11},"end":{"line":10,"column":13}},"8":{"start":{"line":13,"column":0},"end":{"line":17,"column":1}},"9":{"start":{"line":14,"column":2},"end":{"line":14,"column":74}},"10":{"start":{"line":16,"column":2},"end":{"line":16,"column":87}},"11":{"start":{"line":19,"column":0},"end":{"line":32,"column":5}},"12":{"start":{"line":22,"column":4},"end":{"line":27,"column":6}},"13":{"start":{"line":30,"column":18},"end":{"line":30,"column":85}},"14":{"start":{"line":31,"column":4},"end":{"line":31,"column":27}},"15":{"start":{"line":34,"column":0},"end":{"line":38,"column":3}},"16":{"start":{"line":35,"column":2},"end":{"line":37,"column":3}},"17":{"start":{"line":36,"column":4},"end":{"line":36,"column":32}},"18":{"start":{"line":40,"column":0},"end":{"line":40,"column":25}},"19":{"start":{"line":41,"column":0},"end":{"line":41,"column":25}},"20":{"start":{"line":43,"column":0},"end":{"line":43,"column":20}}},"fnMap":{"0":{"name":"(anonymous_0)","decl":{"start":{"line":21,"column":10},"end":{"line":21,"column":11}},"loc":{"start":{"line":21,"column":18},"end":{"line":28,"column":3}},"line":21},"1":{"name":"(anonymous_1)","decl":{"start":{"line":29,"column":11},"end":{"line":29,"column":12}},"loc":{"start":{"line":29,"column":19},"end":{"line":32,"column":3}},"line":29},"2":{"name":"(anonymous_2)","decl":{"start":{"line":34,"column":24},"end":{"line":34,"column":25}},"loc":{"start":{"line":34,"column":37},"end":{"line":38,"column":1}},"line":34}},"branchMap":{"0":{"loc":{"start":{"line":8,"column":12},"end":{"line":8,"column":49}},"type":"binary-expr","locations":[{"start":{"line":8,"column":12},"end":{"line":8,"column":32}},{"start":{"line":8,"column":36},"end":{"line":8,"column":49}}],"line":8},"1":{"loc":{"start":{"line":13,"column":0},"end":{"line":17,"column":1}},"type":"if","locations":[{"start":{"line":13,"column":0},"end":{"line":17,"column":1}},{"start":{"line":15,"column":7},"end":{"line":17,"column":1}}],"line":13},"2":{"loc":{"start":{"line":23,"column":6},"end":{"line":26,"column":37}},"type":"binary-expr","locations":[{"start":{"line":23,"column":6},"end":{"line":23,"column":29}},{"start":{"line":24,"column":6},"end":{"line":24,"column":23}},{"start":{"line":25,"column":6},"end":{"line":25,"column":30}},{"start":{"line":26,"column":6},"end":{"line":26,"column":37}}],"line":23},"3":{"loc":{"start":{"line":35,"column":2},"end":{"line":37,"column":3}},"type":"if","locations":[{"start":{"line":35,"column":2},"end":{"line":37,"column":3}},{"start":{},"end":{}}],"line":35}},"s":{"0":1,"1":1,"2":1,"3":1,"4":1,"5":1,"6":1,"7":1,"8":1,"9":0,"10":1,"11":1,"12":4,"13":3,"14":3,"15":1,"16":3,"17":3,"18":1,"19":1,"20":1},"f":{"0":4,"1":3,"2":3},"b":{"0":[1,0],"1":[0,1],"2":[4,4,3,3],"3":[3,0]},"_coverageSchema":"1a1c01bbd47fc00a2c39e90264f33305004495a9","hash":"30cd282ca09597f85937799bc0da9ebbea5cd23b"}
,"/home/liza/IP-HCK77/server/models/note.js": {"path":"/home/liza/IP-HCK77/server/models/note.js","statementMap":{"0":{"start":{"line":4,"column":4},"end":{"line":4,"column":24}},"1":{"start":{"line":5,"column":0},"end":{"line":53,"column":2}},"2":{"start":{"line":13,"column":6},"end":{"line":13,"column":57}},"3":{"start":{"line":14,"column":6},"end":{"line":14,"column":61}},"4":{"start":{"line":18,"column":2},"end":{"line":51,"column":5}},"5":{"start":{"line":52,"column":2},"end":{"line":52,"column":14}}},"fnMap":{"0":{"name":"(anonymous_0)","decl":{"start":{"line":5,"column":17},"end":{"line":5,"column":18}},"loc":{"start":{"line":5,"column":43},"end":{"line":53,"column":1}},"line":5},"1":{"name":"(anonymous_1)","decl":{"start":{"line":12,"column":4},"end":{"line":12,"column":5}},"loc":{"start":{"line":12,"column":29},"end":{"line":16,"column":5}},"line":12}},"branchMap":{},"s":{"0":1,"1":1,"2":1,"3":1,"4":1,"5":1},"f":{"0":1,"1":1},"b":{},"_coverageSchema":"1a1c01bbd47fc00a2c39e90264f33305004495a9","hash":"cee408fb0c67094bd6be9792c74b2e246a50b8c3"}
,"/home/liza/IP-HCK77/server/models/status.js": {"path":"/home/liza/IP-HCK77/server/models/status.js","statementMap":{"0":{"start":{"line":4,"column":4},"end":{"line":4,"column":24}},"1":{"start":{"line":5,"column":0},"end":{"line":26,"column":2}},"2":{"start":{"line":13,"column":6},"end":{"line":13,"column":60}},"3":{"start":{"line":16,"column":2},"end":{"line":24,"column":5}},"4":{"start":{"line":25,"column":2},"end":{"line":25,"column":16}}},"fnMap":{"0":{"name":"(anonymous_0)","decl":{"start":{"line":5,"column":17},"end":{"line":5,"column":18}},"loc":{"start":{"line":5,"column":43},"end":{"line":26,"column":1}},"line":5},"1":{"name":"(anonymous_1)","decl":{"start":{"line":12,"column":4},"end":{"line":12,"column":5}},"loc":{"start":{"line":12,"column":29},"end":{"line":14,"column":5}},"line":12}},"branchMap":{},"s":{"0":1,"1":1,"2":1,"3":1,"4":1},"f":{"0":1,"1":1},"b":{},"_coverageSchema":"1a1c01bbd47fc00a2c39e90264f33305004495a9","hash":"3ff837ed0b5aeea4b65ba524bca64d22a98a988d"}
,"/home/liza/IP-HCK77/server/models/user.js": {"path":"/home/liza/IP-HCK77/server/models/user.js","statementMap":{"0":{"start":{"line":4,"column":4},"end":{"line":4,"column":24}},"1":{"start":{"line":5,"column":0},"end":{"line":53,"column":2}},"2":{"start":{"line":13,"column":6},"end":{"line":13,"column":56}},"3":{"start":{"line":16,"column":2},"end":{"line":51,"column":5}},"4":{"start":{"line":52,"column":2},"end":{"line":52,"column":14}}},"fnMap":{"0":{"name":"(anonymous_0)","decl":{"start":{"line":5,"column":17},"end":{"line":5,"column":18}},"loc":{"start":{"line":5,"column":43},"end":{"line":53,"column":1}},"line":5},"1":{"name":"(anonymous_1)","decl":{"start":{"line":12,"column":4},"end":{"line":12,"column":5}},"loc":{"start":{"line":12,"column":29},"end":{"line":14,"column":5}},"line":12}},"branchMap":{},"s":{"0":1,"1":1,"2":1,"3":1,"4":1},"f":{"0":1,"1":1},"b":{},"_coverageSchema":"1a1c01bbd47fc00a2c39e90264f33305004495a9","hash":"0d5e32416dc06061343cc3216ed032f79d39ba1f"}
}
