TN:
SF:app.js
FNF:0
FNH:0
DA:1,1
DA:2,1
DA:3,1
DA:7,1
DA:8,1
DA:9,1
DA:10,1
DA:11,1
DA:12,1
DA:13,1
DA:14,1
DA:15,1
DA:17,1
DA:18,1
DA:19,1
DA:21,1
DA:24,1
DA:26,1
DA:28,1
DA:29,1
DA:30,1
DA:31,1
DA:32,1
DA:35,1
DA:37,1
DA:42,1
LF:26
LH:26
BRDA:2,0,0,1
BRDA:2,0,1,0
BRF:2
BRH:1
end_of_record
TN:
SF:controllers/NoteController.js
FN:4,(anonymous_0)
FN:14,(anonymous_1)
FN:33,(anonymous_2)
FN:47,(anonymous_3)
FN:70,(anonymous_4)
FNF:5
FNH:0
FNDA:0,(anonymous_0)
FNDA:0,(anonymous_1)
FNDA:0,(anonymous_2)
FNDA:0,(anonymous_3)
FNDA:0,(anonymous_4)
DA:1,1
DA:3,1
DA:5,0
DA:6,0
DA:7,0
DA:9,0
DA:10,0
DA:15,0
DA:16,0
DA:17,0
DA:19,0
DA:20,0
DA:26,0
DA:28,0
DA:29,0
DA:34,0
DA:35,0
DA:36,0
DA:38,0
DA:42,0
DA:43,0
DA:48,0
DA:49,0
DA:50,0
DA:51,0
DA:52,0
DA:53,0
DA:59,0
DA:63,0
DA:65,0
DA:66,0
DA:71,0
DA:72,0
DA:73,0
DA:75,0
DA:76,0
DA:82,0
DA:83,0
DA:85,0
DA:86,0
LF:40
LH:2
BRDA:19,0,0,0
BRDA:19,0,1,0
BRDA:52,1,0,0
BRDA:52,1,1,0
BRDA:75,2,0,0
BRDA:75,2,1,0
BRF:6
BRH:0
end_of_record
TN:
SF:controllers/StatusController.js
FN:4,(anonymous_0)
FNF:1
FNH:1
FNDA:1,(anonymous_0)
DA:1,1
DA:3,1
DA:5,1
DA:6,1
DA:7,1
DA:9,0
DA:10,0
LF:7
LH:5
BRF:0
BRH:0
end_of_record
TN:
SF:controllers/UserController.js
FN:5,(anonymous_0)
FNF:1
FNH:0
FNDA:0,(anonymous_0)
DA:1,1
DA:2,1
DA:4,1
DA:6,0
DA:7,0
DA:8,0
DA:9,0
DA:11,0
DA:12,0
DA:13,0
DA:18,0
DA:20,0
DA:24,0
DA:25,0
LF:14
LH:3
BRDA:8,0,0,0
BRDA:8,0,1,0
BRDA:12,1,0,0
BRDA:12,1,1,0
BRF:4
BRH:0
end_of_record
TN:
SF:helpers/jwt.js
FN:4,(anonymous_0)
FN:8,(anonymous_1)
FNF:2
FNH:2
FNDA:1,(anonymous_0)
FNDA:1,(anonymous_1)
DA:1,1
DA:2,1
DA:4,1
DA:5,1
DA:8,1
DA:9,1
DA:12,1
LF:7
LH:7
BRF:0
BRH:0
end_of_record
TN:
SF:middleware/authentication.js
FN:4,(anonymous_0)
FNF:1
FNH:1
FNDA:2,(anonymous_0)
DA:1,1
DA:2,1
DA:4,1
DA:8,2
DA:12,2
DA:13,1
DA:14,1
DA:17,1
DA:18,1
DA:19,0
DA:20,0
DA:23,1
DA:24,1
DA:26,1
DA:27,1
DA:28,0
DA:29,0
DA:32,1
DA:33,1
DA:35,0
DA:40,1
LF:21
LH:16
BRDA:12,0,0,1
BRDA:12,0,1,1
BRDA:18,1,0,0
BRDA:18,1,1,1
BRDA:27,2,0,0
BRDA:27,2,1,1
BRF:6
BRH:4
end_of_record
TN:
SF:middleware/cors.js
FN:1,(anonymous_0)
FNF:1
FNH:1
FNDA:2,(anonymous_0)
DA:1,1
DA:2,2
DA:3,2
DA:7,2
DA:11,2
DA:12,2
DA:13,2
DA:15,2
DA:16,0
DA:17,0
DA:19,2
DA:23,1
LF:12
LH:10
BRDA:15,0,0,0
BRDA:15,0,1,2
BRF:2
BRH:1
end_of_record
TN:
SF:middleware/errorHandler.js
FN:1,errorHandler
FNF:1
FNH:1
FNDA:1,errorHandler
DA:2,1
DA:5,0
DA:6,0
DA:8,0
DA:9,0
DA:11,1
DA:12,1
DA:14,0
DA:15,0
DA:17,0
DA:18,0
DA:20,0
DA:21,0
DA:23,0
DA:24,0
DA:28,1
LF:16
LH:4
BRDA:2,0,0,0
BRDA:2,0,1,0
BRDA:2,0,2,0
BRDA:2,0,3,1
BRDA:2,0,4,0
BRDA:2,0,5,0
BRDA:2,0,6,0
BRDA:2,0,7,0
BRF:8
BRH:1
end_of_record
TN:
SF:middleware/guardUser.js
FN:2,guardUser
FNF:1
FNH:0
FNDA:0,guardUser
DA:1,1
DA:3,0
DA:4,0
DA:6,0
DA:7,0
DA:9,0
DA:10,0
DA:11,0
DA:14,0
DA:15,0
DA:16,0
DA:19,0
DA:21,0
DA:25,1
LF:14
LH:2
BRDA:9,0,0,0
BRDA:9,0,1,0
BRDA:14,1,0,0
BRDA:14,1,1,0
BRF:4
BRH:0
end_of_record
TN:
SF:models/index.js
FN:21,(anonymous_0)
FN:29,(anonymous_1)
FN:34,(anonymous_2)
FNF:3
FNH:3
FNDA:4,(anonymous_0)
FNDA:3,(anonymous_1)
FNDA:3,(anonymous_2)
DA:3,1
DA:4,1
DA:5,1
DA:6,1
DA:7,1
DA:8,1
DA:9,1
DA:10,1
DA:13,1
DA:14,0
DA:16,1
DA:19,1
DA:22,4
DA:30,3
DA:31,3
DA:34,1
DA:35,3
DA:36,3
DA:40,1
DA:41,1
DA:43,1
LF:21
LH:20
BRDA:8,0,0,1
BRDA:8,0,1,0
BRDA:13,1,0,0
BRDA:13,1,1,1
BRDA:23,2,0,4
BRDA:23,2,1,4
BRDA:23,2,2,3
BRDA:23,2,3,3
BRDA:35,3,0,3
BRDA:35,3,1,0
BRF:10
BRH:7
end_of_record
TN:
SF:models/note.js
FN:5,(anonymous_0)
FN:12,(anonymous_1)
FNF:2
FNH:2
FNDA:1,(anonymous_0)
FNDA:1,(anonymous_1)
DA:4,1
DA:5,1
DA:13,1
DA:14,1
DA:18,1
DA:52,1
LF:6
LH:6
BRF:0
BRH:0
end_of_record
TN:
SF:models/status.js
FN:5,(anonymous_0)
FN:12,(anonymous_1)
FNF:2
FNH:2
FNDA:1,(anonymous_0)
FNDA:1,(anonymous_1)
DA:4,1
DA:5,1
DA:13,1
DA:16,1
DA:25,1
LF:5
LH:5
BRF:0
BRH:0
end_of_record
TN:
SF:models/user.js
FN:5,(anonymous_0)
FN:12,(anonymous_1)
FNF:2
FNH:2
FNDA:1,(anonymous_0)
FNDA:1,(anonymous_1)
DA:4,1
DA:5,1
DA:13,1
DA:16,1
DA:52,1
LF:5
LH:5
BRF:0
BRH:0
end_of_record
